Arguments: 
  /home/zara/.nvm/versions/node/v12.18.0/bin/node /usr/share/yarn/bin/yarn.js

PATH: 
  /home/zara/.nvm/versions/node/v12.18.0/bin:/usr/local/sbin:/usr/local/bin:/usr/sbin:/usr/bin:/sbin:/bin:/usr/games:/usr/local/games:/snap/bin:/home/zara/.fzf/bin

Yarn version: 
  1.22.5

Node version: 
  12.18.0

Platform: 
  linux x64

Trace: 
  Error: EACCES: permission denied, unlink '/home/zara/Documentos/projects/docker/negocios-app/front-negocios/node_modules/.yarn-integrity'

npm manifest: 
  {
    "name": "negocios-front",
    "version": "0.1.0",
    "private": true,
    "dependencies": {
      "@material-ui/core": "^4.11.2",
      "@material-ui/icons": "^4.11.2",
      "@material-ui/lab": "^4.0.0-alpha.57",
      "@testing-library/jest-dom": "^5.11.4",
      "@testing-library/react": "^11.1.0",
      "@testing-library/user-event": "^12.1.10",
      "axios": "^0.21.0",
      "jsonwebtoken": "^8.5.1",
      "react": "^17.0.1",
      "react-dom": "^17.0.1",
      "react-hook-form": "^6.11.4",
      "react-router-dom": "^5.2.0",
      "react-scripts": "4.0.0"
    },
    "scripts": {
      "start": "react-scripts start",
      "build": "react-scripts build",
      "test": "react-scripts test",
      "eject": "react-scripts eject"
    },
    "eslintConfig": {
      "extends": [
        "react-app",
        "react-app/jest"
      ]
    },
    "browserslist": {
      "production": [
        ">0.2%",
        "not dead",
        "not op_mini all"
      ],
      "development": [
        "last 1 chrome version",
        "last 1 firefox version",
        "last 1 safari version"
      ]
    }
  }

yarn manifest: 
  No manifest

Lockfile: 
  No lockfile
